2014/06/02 15:56:51 [error] [system.db.CDbCommand] CDbCommand::fetchAll() failed: SQLSTATE[42S02]: Base table or view not found: 1146 Table 'yiitest.tbl_migration' doesn't exist. The SQL statement executed was: SHOW FULL COLUMNS FROM `tbl_migration`.
2014/06/05 11:55:27 [error] [system.db.CDbCommand] CDbCommand::fetchAll() failed: SQLSTATE[42S02]: Base table or view not found: 1146 Table 'site.tbl_migration' doesn't exist. The SQL statement executed was: SHOW FULL COLUMNS FROM `tbl_migration`.
2014/06/05 11:55:30 [error] [system.db.CDbCommand] CDbCommand::execute() failed: SQLSTATE[42S01]: Base table or view already exists: 1050 Table 'reviews' already exists. The SQL statement executed was: CREATE TABLE `reviews` (
	`id` int(11) NOT NULL AUTO_INCREMENT PRIMARY KEY,
	`heading_id` int,
	`name` text,
	`text` text,
	`author` text
).
2014/06/05 11:55:30 [error] [exception.CDbException] exception 'CDbException' with message 'CDbCommand failed to execute the SQL statement: SQLSTATE[42S01]: Base table or view already exists: 1050 Table 'reviews' already exists. The SQL statement executed was: CREATE TABLE `reviews` (
	`id` int(11) NOT NULL AUTO_INCREMENT PRIMARY KEY,
	`heading_id` int,
	`name` text,
	`text` text,
	`author` text
)' in /home/anton/yii/framework/db/CDbCommand.php:358
Stack trace:
#0 /home/anton/yii/framework/db/CDbCommand.php(1324): CDbCommand->execute()
#1 /home/anton/yii/framework/db/CDbMigration.php(233): CDbCommand->createTable('reviews', Array, NULL)
#2 /home/anton/yii/protected/migrations/m140602_085105_reviews.php(13): CDbMigration->createTable('reviews', Array)
#3 /home/anton/yii/framework/cli/commands/MigrateCommand.php(385): m140602_085105_reviews->up()
#4 /home/anton/yii/framework/cli/commands/MigrateCommand.php(109): MigrateCommand->migrateUp('m140602_085105_...')
#5 [internal function]: MigrateCommand->actionUp(Array)
#6 /home/anton/yii/framework/console/CConsoleCommand.php(172): ReflectionMethod->invokeArgs(Object(MigrateCommand), Array)
#7 /home/anton/yii/framework/console/CConsoleCommandRunner.php(71): CConsoleCommand->run(Array)
#8 /home/anton/yii/framework/console/CConsoleApplication.php(92): CConsoleCommandRunner->run(Array)
#9 /home/anton/yii/framework/base/CApplication.php(180): CConsoleApplication->processRequest()
#10 /home/anton/yii/framework/yiic.php(33): CApplication->run()
#11 /home/anton/yii/protected/yiic.php(7): require_once('/home/anton/yii...')
#12 /home/anton/yii/protected/yiic(4): require_once('/home/anton/yii...')
#13 {main}
---
